<?xml version="1.0" encoding="UTF-8"?>
<testng-results ignored="0" total="2" passed="2" failed="0" skipped="0">
  <reporter-output>
  </reporter-output>
  <suite started-at="2024-04-22T10:38:25 IST" name="Default suite" finished-at="2024-04-22T10:39:16 IST" duration-ms="50255">
    <groups>
    </groups>
    <test started-at="2024-04-22T10:38:25 IST" name="Default test" finished-at="2024-04-22T10:39:16 IST" duration-ms="50255">
      <class name="testcases.CreateAccountPageTest">
        <test-method is-config="true" signature="setUp()[pri:0, instance:testcases.CreateAccountPageTest@51399530]" started-at="2024-04-22T10:38:25 IST" name="setUp" finished-at="2024-04-22T10:38:30 IST" duration-ms="4998" status="PASS">
          <reporter-output>
          </reporter-output>
        </test-method> <!-- setUp -->
        <test-method signature="CreateAccount()[pri:0, instance:testcases.CreateAccountPageTest@51399530]" started-at="2024-04-22T10:38:30 IST" name="CreateAccount" finished-at="2024-04-22T10:38:52 IST" duration-ms="21299" status="PASS">
          <reporter-output>
          </reporter-output>
        </test-method> <!-- CreateAccount -->
        <test-method is-config="true" signature="tearDown()[pri:0, instance:testcases.CreateAccountPageTest@51399530]" started-at="2024-04-22T10:38:52 IST" name="tearDown" finished-at="2024-04-22T10:38:52 IST" duration-ms="430" status="PASS">
          <reporter-output>
          </reporter-output>
        </test-method> <!-- tearDown -->
        <test-method is-config="true" signature="setUp()[pri:0, instance:testcases.CreateAccountPageTest@51399530]" started-at="2024-04-22T10:38:52 IST" name="setUp" finished-at="2024-04-22T10:38:56 IST" duration-ms="4261" status="PASS">
          <reporter-output>
          </reporter-output>
        </test-method> <!-- setUp -->
        <test-method signature="validateMandatoryFieldsOnCreateAccountPage()[pri:0, instance:testcases.CreateAccountPageTest@51399530]" started-at="2024-04-22T10:38:56 IST" name="validateMandatoryFieldsOnCreateAccountPage" finished-at="2024-04-22T10:39:15 IST" duration-ms="18819" status="PASS">
          <reporter-output>
          </reporter-output>
        </test-method> <!-- validateMandatoryFieldsOnCreateAccountPage -->
        <test-method is-config="true" signature="tearDown()[pri:0, instance:testcases.CreateAccountPageTest@51399530]" started-at="2024-04-22T10:39:15 IST" name="tearDown" finished-at="2024-04-22T10:39:16 IST" duration-ms="386" status="PASS">
          <reporter-output>
          </reporter-output>
        </test-method> <!-- tearDown -->
      </class> <!-- testcases.CreateAccountPageTest -->
    </test> <!-- Default test -->
  </suite> <!-- Default suite -->
</testng-results>
