<?xml version="1.0" encoding="UTF-8"?>
<!-- Generated by org.testng.reporters.JUnitXMLReporter -->
<testsuite ignored="0" hostname="BRIAPWLpLl4e149" failures="0" tests="3" name="Test" time="88.654" errors="0" timestamp="2024-04-22T05:36:19 IST">
  <testcase classname="testcases.CreateAccountPageTest" name="CreateAccount" time="12.911"/>
  <testcase classname="testcases.CreateAccountPageTest" name="validateMandatoryFieldsOnCreateAccountPage" time="7.371"/>
  <testcase classname="testcases.OrderPlacement" name="endToEnd" time="58.729"/>
</testsuite> <!-- Test -->
